<?xml version="1.0" encoding="UTF-8" ?>
<testsuites>
  <testsuite errors="0" failures="0" hostname="HOME-PC" id="0" name="HitTest" package="" skipped="0" tests="4" time="0.055" timestamp="2024-05-21T22:18:29">
      <properties>
[...]
</properties>

      <testcase classname="HitTest" name="hitRectangle" time="0.002" />

      <testcase classname="HitTest" name="Miss" time="0.0" />

      <testcase classname="HitTest" name="hitTriangle" time="0.0" />

      <testcase classname="HitTest" name="hitCircle" time="0.0" />

      <system-out><![CDATA[]]></system-out>

      <system-err><![CDATA[]]></system-err>

  </testsuite>
</testsuites>
