<?xml version="1.0" encoding="UTF-8" ?>
<testsuite errors="0" failures="0" hostname="HOME-PC" name="HitTest" skipped="0" tests="4" time="0.062" timestamp="2024-06-08T08:46:02">
  <properties>
[...]
</properties>
  <testcase classname="HitTest" name="hitRectangle" time="0.0" />
  <testcase classname="HitTest" name="hitArea" time="0.0" />
  <testcase classname="HitTest" name="hitTriangle" time="0.0" />
  <testcase classname="HitTest" name="hitSector" time="0.0" />
  <system-out><![CDATA[]]></system-out>
  <system-err><![CDATA[]]></system-err>
</testsuite>
